<html>
<body>
<pre>
<h1>Vision Build Log</h1>
<h2>Tool Versions:</h2>
IDE-Version: μVision V5.25.3.0
Copyright (C) 2018 ARM Ltd and ARM Germany GmbH. All rights reserved.
License Information: 1 1, 1, LIC=UJ4EI-TBY6Q-ZDUK7-EUX1R-QY6SF-AQVI9
 
Tool Versions:
Toolchain:       PK251 Prof. Developers Kit  Version: 5.60.0.0
Toolchain Path:  C:\Keil_v5\C251\BIN
C Compiler:      C251.exe V5.60.0.0
Assembler:       A251.exe V4.69.13.0
Linker/Locator:  L251.exe V4.66.93.0
Library Manager: LIB251.exe V4.30.1.0
Hex Converter:   OH251.exe V1.47.0.0
CPU DLL:         S251.DLL V3.129.0.0
Dialog DLL:      DCORE51.DLL V2.81.6.0 
<h2>Project:</h2>
E:\Coding\Keil\STC32G_EXP\STC32G_Test_09_PWM_Driver_Ctrl_Wheels\STC32G_Test_09_PWM控制电机驱动小车.uvproj
Project File Date:  04/07/2024

<h2>Output:</h2>
Build target 'Target 1'
compiling main.c...
\Coding\Keil\STC32G_EXP\STC32G_Test_09_PWM_Driver_Ctrl_Wheels\Libraries\libraries\STC32Gxx.h(363): error C25: syntax error near '0x08'
\Coding\Keil\STC32G_EXP\STC32G_Test_09_PWM_Driver_Ctrl_Wheels\Libraries\libraries\STC32Gxx.h(642): error C48: 'TAG_PWM_STRUCT': struct/union type redefinition
\Coding\Keil\STC32G_EXP\STC32G_Test_09_PWM_Driver_Ctrl_Wheels\Libraries\libraries\STC32Gxx.h(642): error C48: 'PWM_STRUCT': struct/union type redefinition
\Coding\Keil\STC32G_EXP\STC32G_Test_09_PWM_Driver_Ctrl_Wheels\Libraries\libraries\STC32Gxx.h(1072): warning C317: attempt to redefine macro 'FADDR'
\Coding\Keil\STC32G_EXP\STC32G_Test_09_PWM_Driver_Ctrl_Wheels\Libraries\libraries\STC32Gxx.h(1073): warning C317: attempt to redefine macro 'POWER'
\Coding\Keil\STC32G_EXP\STC32G_Test_09_PWM_Driver_Ctrl_Wheels\Libraries\libraries\STC32Gxx.h(1074): warning C317: attempt to redefine macro 'INTRIN1'
\Coding\Keil\STC32G_EXP\STC32G_Test_09_PWM_Driver_Ctrl_Wheels\Libraries\libraries\STC32Gxx.h(1075): warning C317: attempt to redefine macro 'INTROUT1'
\Coding\Keil\STC32G_EXP\STC32G_Test_09_PWM_Driver_Ctrl_Wheels\Libraries\libraries\STC32Gxx.h(1076): warning C317: attempt to redefine macro 'INTRUSB'
\Coding\Keil\STC32G_EXP\STC32G_Test_09_PWM_Driver_Ctrl_Wheels\Libraries\libraries\STC32Gxx.h(1077): warning C317: attempt to redefine macro 'INTRIN1E'
\Coding\Keil\STC32G_EXP\STC32G_Test_09_PWM_Driver_Ctrl_Wheels\Libraries\libraries\STC32Gxx.h(1078): warning C317: attempt to redefine macro 'INTROUT1E'
\Coding\Keil\STC32G_EXP\STC32G_Test_09_PWM_Driver_Ctrl_Wheels\Libraries\libraries\STC32Gxx.h(1079): warning C317: attempt to redefine macro 'INTRUSBE'
\Coding\Keil\STC32G_EXP\STC32G_Test_09_PWM_Driver_Ctrl_Wheels\Libraries\libraries\STC32Gxx.h(1080): warning C317: attempt to redefine macro 'FRAME1'
\Coding\Keil\STC32G_EXP\STC32G_Test_09_PWM_Driver_Ctrl_Wheels\Libraries\libraries\STC32Gxx.h(1081): warning C317: attempt to redefine macro 'FRAME2'
\Coding\Keil\STC32G_EXP\STC32G_Test_09_PWM_Driver_Ctrl_Wheels\Libraries\libraries\STC32Gxx.h(1082): warning C317: attempt to redefine macro 'INDEX'
\Coding\Keil\STC32G_EXP\STC32G_Test_09_PWM_Driver_Ctrl_Wheels\Libraries\libraries\STC32Gxx.h(1083): warning C317: attempt to redefine macro 'INMAXP'
\Coding\Keil\STC32G_EXP\STC32G_Test_09_PWM_Driver_Ctrl_Wheels\Libraries\libraries\STC32Gxx.h(1084): warning C317: attempt to redefine macro 'CSR0'
\Coding\Keil\STC32G_EXP\STC32G_Test_09_PWM_Driver_Ctrl_Wheels\Libraries\libraries\STC32Gxx.h(1085): warning C317: attempt to redefine macro 'INCSR1'
\Coding\Keil\STC32G_EXP\STC32G_Test_09_PWM_Driver_Ctrl_Wheels\Libraries\libraries\STC32Gxx.h(1086): warning C317: attempt to redefine macro 'INCSR2'
\Coding\Keil\STC32G_EXP\STC32G_Test_09_PWM_Driver_Ctrl_Wheels\Libraries\libraries\STC32Gxx.h(1087): warning C317: attempt to redefine macro 'OUTMAXP'
\Coding\Keil\STC32G_EXP\STC32G_Test_09_PWM_Driver_Ctrl_Wheels\Libraries\libraries\STC32Gxx.h(1088): warning C317: attempt to redefine macro 'OUTCSR1'
\Coding\Keil\STC32G_EXP\STC32G_Test_09_PWM_Driver_Ctrl_Wheels\Libraries\libraries\STC32Gxx.h(1089): warning C317: attempt to redefine macro 'OUTCSR2'
\Coding\Keil\STC32G_EXP\STC32G_Test_09_PWM_Driver_Ctrl_Wheels\Libraries\libraries\STC32Gxx.h(1090): warning C317: attempt to redefine macro 'COUNT0'
\Coding\Keil\STC32G_EXP\STC32G_Test_09_PWM_Driver_Ctrl_Wheels\Libraries\libraries\STC32Gxx.h(1091): warning C317: attempt to redefine macro 'OUTCOUNT1'
\Coding\Keil\STC32G_EXP\STC32G_Test_09_PWM_Driver_Ctrl_Wheels\Libraries\libraries\STC32Gxx.h(1092): warning C317: attempt to redefine macro 'OUTCOUNT2'
\Coding\Keil\STC32G_EXP\STC32G_Test_09_PWM_Driver_Ctrl_Wheels\Libraries\libraries\STC32Gxx.h(1093): warning C317: attempt to redefine macro 'FIFO0'
\Coding\Keil\STC32G_EXP\STC32G_Test_09_PWM_Driver_Ctrl_Wheels\Libraries\libraries\STC32Gxx.h(1094): warning C317: attempt to redefine macro 'FIFO1'
\Coding\Keil\STC32G_EXP\STC32G_Test_09_PWM_Driver_Ctrl_Wheels\Libraries\libraries\STC32Gxx.h(1095): warning C317: attempt to redefine macro 'FIFO2'
\Coding\Keil\STC32G_EXP\STC32G_Test_09_PWM_Driver_Ctrl_Wheels\Libraries\libraries\STC32Gxx.h(1096): warning C317: attempt to redefine macro 'FIFO3'
\Coding\Keil\STC32G_EXP\STC32G_Test_09_PWM_Driver_Ctrl_Wheels\Libraries\libraries\STC32Gxx.h(1097): warning C317: attempt to redefine macro 'FIFO4'
\Coding\Keil\STC32G_EXP\STC32G_Test_09_PWM_Driver_Ctrl_Wheels\Libraries\libraries\STC32Gxx.h(1098): warning C317: attempt to redefine macro 'FIFO5'
\Coding\Keil\STC32G_EXP\STC32G_Test_09_PWM_Driver_Ctrl_Wheels\Libraries\libraries\STC32Gxx.h(1099): warning C317: attempt to redefine macro 'UTRKCTL'
\Coding\Keil\STC32G_EXP\STC32G_Test_09_PWM_Driver_Ctrl_Wheels\Libraries\libraries\STC32Gxx.h(1100): warning C317: attempt to redefine macro 'UTRKSTS'
main.c(36): error C67: 'PWMx_InitDefine': undefined identifier
main.c(36): error C25: syntax error near 'PWM1_Config'
main.c(36): warning C34: 'PWM1_Config': missing declaration specifiers
main.c(37): warning C34: 'PWM2_Config': missing declaration specifiers
main.c(37): error C42: 'PWM2_Config': not in formal parameter list
main.c(38): warning C34: 'PWMx_InitDefine': missing declaration specifiers
main.c(38): error C42: 'PWMx_InitDefine': not in formal parameter list
main.c(38): error C25: syntax error near 'PWM3_Config'
main.c(38): warning C34: 'PWM3_Config': missing declaration specifiers
main.c(38): error C42: 'PWM3_Config': not in formal parameter list
main.c(39): warning C34: 'PWMx_InitDefine': missing declaration specifiers
main.c(39): error C42: 'PWMx_InitDefine': not in formal parameter list
main.c(39): error C25: syntax error near 'PWM4_Config'
main.c(39): warning C34: 'PWM4_Config': missing declaration specifiers
main.c(39): error C42: 'PWM4_Config': not in formal parameter list
main.c(41): error C42: 'PWM1_USE_P60P61': not in formal parameter list
main.c(42): error C42: 'PWM2_USE_P62P63': not in formal parameter list
main.c(43): error C42: 'PWM3_USE_P64P65': not in formal parameter list
main.c(44): error C42: 'PWM4_USE_P66P67': not in formal parameter list
main.c(46): warning C34: 'PWM1_Config': missing declaration specifiers
main.c(46): error C42: 'PWM1_Config': not in formal parameter list
main.c(46): error C25: syntax error near '.'
main.c(242): error C7: compilation aborted
compiling STC32G_PWM.c...
compiling zf_pwm.c...
Target not created.
Build Time Elapsed:  00:00:01
</pre>
</body>
</html>
