<html>
<body>
<pre>
<h1>µVision Build Log</h1>
<h2>Tool Versions:</h2>
IDE-Version: ¦ÌVision V5.25.3.0
Copyright (C) 2018 ARM Ltd and ARM Germany GmbH. All rights reserved.
License Information: 1 1, 1, LIC=UJ4EI-TBY6Q-ZDUK7-EUX1R-QY6SF-AQVI9
 
Tool Versions:
Toolchain:       PK251 Prof. Developers Kit  Version: 5.60.0.0
Toolchain Path:  C:\Keil_v5\C251\BIN
C Compiler:      C251.exe V5.60.0.0
Assembler:       A251.exe V4.69.13.0
Linker/Locator:  L251.exe V4.66.93.0
Library Manager: LIB251.exe V4.30.1.0
Hex Converter:   OH251.exe V1.47.0.0
CPU DLL:         S251.DLL V3.129.0.0
Dialog DLL:      DCORE51.DLL V2.81.6.0 
<h2>Project:</h2>
e:\Coding\Keil\STC32G_EXP\STC32G_Test_08_LSM303DLHµç×ÓÂÞÅÌSPIÆÁÄ»ÏÔÊ¾\STC32G_Test_08_LSM303DLHµç×ÓÂÞÅÌSPIÆÁÄ»ÏÔÊ¾.uvproj
Project File Date:  04/05/2024

<h2>Output:</h2>
Build target 'Target 1'
compiling main.c...
compiling iic.c...
compiling lsm303.c...
Externals\lsm303.c(48): warning C188: 'parameter 1': value truncated
Externals\lsm303.c(68): warning C188: 'parameter 1': value truncated
Externals\lsm303.c(111): error C25: syntax error near 'CTRL_REG2'
Externals\lsm303.c(111): error C53: redefinition of 'CTRL_REG2'
Externals\lsm303.c(112): error C53: redefinition of 'CTRL_REG3'
Externals\lsm303.c(113): error C53: redefinition of 'CTRL_REG4'
Externals\lsm303.c(114): error C53: redefinition of 'CTRL_REG5'
Externals\lsm303.c(115): error C53: redefinition of 'CTRL_REG6'
Externals\lsm303.c(118): error C25: syntax error near '0x32'
Externals\lsm303.c(118): error C53: redefinition of 'LSM303_MasterWriteOneBytetoSlave': different return types
Externals\lsm303.c(119): error C25: syntax error near '0x32'
Externals\lsm303.c(119): error C53: redefinition of 'LSM303_MasterWriteOneBytetoSlave': different return types
Externals\lsm303.c(120): error C25: syntax error near '0x32'
Externals\lsm303.c(120): error C53: redefinition of 'LSM303_MasterWriteOneBytetoSlave': different return types
Externals\lsm303.c(121): error C25: syntax error near '0x32'
Externals\lsm303.c(121): error C53: redefinition of 'LSM303_MasterWriteOneBytetoSlave': different return types
Externals\lsm303.c(122): error C25: syntax error near '0x32'
Externals\lsm303.c(122): error C53: redefinition of 'LSM303_MasterWriteOneBytetoSlave': different return types
Externals\lsm303.c(123): error C25: syntax error near '0x32'
Externals\lsm303.c(123): error C53: redefinition of 'LSM303_MasterWriteOneBytetoSlave': different return types
Externals\lsm303.c(124): error C25: syntax error near '}'
Externals\lsm303.c(128): error C25: syntax error near ';'
Externals\lsm303.c(131): error C25: syntax error near '='
Externals\lsm303.c(132): error C25: syntax error near '0x3C'
Externals\lsm303.c(132): error C7: compilation aborted
Target not created.
Build Time Elapsed:  00:00:00
</pre>
</body>
</html>
